<?xml version="1.0" encoding="UTF-8"?>
<testsuite name="TestRunner" tests="0" skipped="0" failures="0" errors="0" timestamp="1970-01-01T00:00:00" hostname="NI-NTB-020" time="0.0">
  <properties/>
  <system-out><![CDATA[Feature: Check app functionality

  Background: Install the app     ?[90m# app.feature:4?[0m
    ?[32mGiven ?[0m?[32mthe application is open?[0m ?[90m# TestWsp.ffgfgg()?[0m

  @Test
  Scenario: Test icon information                ?[90m# app.feature:8?[0m
    ?[32mWhen ?[0m?[32mthe user clicks on the information icon?[0m ?[90m# TestWsp.the_user_clicks_on_the_information_icon()?[0m
    ?[32mAnd ?[0m?[32maccess information?[0m                       ?[90m# TestWsp.access_information()?[0m
    ?[32mThen ?[0m?[32mreturn to the main menu?[0m                 ?[90m# TestWsp.return_to_the_main_menu()?[0m

1 Scenarios (?[32m1 passed?[0m)
4 Steps (?[32m4 passed?[0m)
0m37.927s

]]></system-out>
  <system-err><![CDATA[]]></system-err>
</testsuite>
