<?xml version="1.0" encoding="UTF-8"?>
<testsuite name="| May | mpizarrob95@gmail.com | az12345WsxEdc234 |" tests="5" skipped="0" failures="2" errors="0" timestamp="2018-05-16T16:46:22" hostname="NI-NTB-020" time="43.942">
  <properties/>
  <testcase name="Given the application is open" classname="| May | mpizarrob95@gmail.com | az12345WsxEdc234 |" time="0.0"/>
  <testcase name="When user enter the login view" classname="| May | mpizarrob95@gmail.com | az12345WsxEdc234 |" time="0.0"/>
  <testcase name="And enter May, mpizarrob95@gmail.com and az12345WsxEdc234" classname="| May | mpizarrob95@gmail.com | az12345WsxEdc234 |" time="0.0"/>
  <testcase name="Then return to the main menu" classname="| May | mpizarrob95@gmail.com | az12345WsxEdc234 |" time="0.002">
    <failure message="org.openqa.selenium.NoSuchElementException: An element could not be located on the page using the given search parameters. (WARNING: The server did not provide any stacktrace information)&#10;Command duration or timeout: 0 milliseconds&#10;For documentation on this error, please visit: http://seleniumhq.org/exceptions/no_such_element.html&#10;Build info: version: '3.11.0', revision: 'e59cfb3', time: '2018-03-11T20:26:55.152Z'&#10;System info: host: 'NI-NTB-020', ip: '192.168.220.1', os.name: 'Windows 7', os.arch: 'amd64', os.version: '6.1', java.version: '1.8.0_121'&#10;Driver info: io.appium.java_client.android.AndroidDriver&#10;Capabilities {app: C:\Users\mpizarro\Downloads..., appActivity: com.application.zomato.bake..., appPackage: com.restwla.z88ab174d, appWaitActivity: com.application.zomato.bake..., appWaitPackage: com.restwla.z88ab174d, browser: , databaseEnabled: false, desired: {app: C:\Users\mpizarro\Downloads..., appPackage: com.restwla.z88ab174d, browser: , device: Android, deviceName: MayS8, platformName: android, platformVersion: 8.0}, device: Android, deviceManufacturer: samsung, deviceModel: SM-G950F, deviceName: 988a17353348335947, deviceScreenSize: 1440x2960, deviceUDID: 988a17353348335947, javascriptEnabled: true, locationContextEnabled: false, networkConnectionEnabled: true, platform: LINUX, platformName: LINUX, platformVersion: 8.0.0, takesScreenshot: true, warnings: {}, webStorageEnabled: false}&#10;Session ID: c1051eb6-5d89-4cf1-9ae1-611cac48bda4&#10;*** Element info: {Using=xpath, value=//android.widget.TextView[@text='Información']}" type="org.openqa.selenium.NoSuchElementException">org.openqa.selenium.NoSuchElementException: An element could not be located on the page using the given search parameters. (WARNING: The server did not provide any stacktrace information)
Command duration or timeout: 0 milliseconds
For documentation on this error, please visit: http://seleniumhq.org/exceptions/no_such_element.html
Build info: version: '3.11.0', revision: 'e59cfb3', time: '2018-03-11T20:26:55.152Z'
System info: host: 'NI-NTB-020', ip: '192.168.220.1', os.name: 'Windows 7', os.arch: 'amd64', os.version: '6.1', java.version: '1.8.0_121'
Driver info: io.appium.java_client.android.AndroidDriver
Capabilities {app: C:\Users\mpizarro\Downloads..., appActivity: com.application.zomato.bake..., appPackage: com.restwla.z88ab174d, appWaitActivity: com.application.zomato.bake..., appWaitPackage: com.restwla.z88ab174d, browser: , databaseEnabled: false, desired: {app: C:\Users\mpizarro\Downloads..., appPackage: com.restwla.z88ab174d, browser: , device: Android, deviceName: MayS8, platformName: android, platformVersion: 8.0}, device: Android, deviceManufacturer: samsung, deviceModel: SM-G950F, deviceName: 988a17353348335947, deviceScreenSize: 1440x2960, deviceUDID: 988a17353348335947, javascriptEnabled: true, locationContextEnabled: false, networkConnectionEnabled: true, platform: LINUX, platformName: LINUX, platformVersion: 8.0.0, takesScreenshot: true, warnings: {}, webStorageEnabled: false}
Session ID: c1051eb6-5d89-4cf1-9ae1-611cac48bda4
*** Element info: {Using=xpath, value=//android.widget.TextView[@text='Información']}
	at sun.reflect.NativeConstructorAccessorImpl.newInstance0(Native Method)
	at sun.reflect.NativeConstructorAccessorImpl.newInstance(NativeConstructorAccessorImpl.java:62)
	at sun.reflect.DelegatingConstructorAccessorImpl.newInstance(DelegatingConstructorAccessorImpl.java:45)
	at java.lang.reflect.Constructor.newInstance(Constructor.java:423)
	at org.openqa.selenium.remote.ErrorHandler.createThrowable(ErrorHandler.java:214)
	at org.openqa.selenium.remote.ErrorHandler.throwIfResponseFailed(ErrorHandler.java:166)
	at org.openqa.selenium.remote.http.JsonHttpResponseCodec.reconstructValue(JsonHttpResponseCodec.java:40)
	at org.openqa.selenium.remote.http.AbstractHttpResponseCodec.decode(AbstractHttpResponseCodec.java:80)
	at org.openqa.selenium.remote.http.AbstractHttpResponseCodec.decode(AbstractHttpResponseCodec.java:44)
	at org.openqa.selenium.remote.HttpCommandExecutor.execute(HttpCommandExecutor.java:158)
	at io.appium.java_client.remote.AppiumCommandExecutor.execute(AppiumCommandExecutor.java:129)
	at org.openqa.selenium.remote.RemoteWebDriver.execute(RemoteWebDriver.java:545)
	at io.appium.java_client.DefaultGenericMobileDriver.execute(DefaultGenericMobileDriver.java:42)
	at io.appium.java_client.AppiumDriver.execute(AppiumDriver.java:1)
	at io.appium.java_client.android.AndroidDriver.execute(AndroidDriver.java:1)
	at org.openqa.selenium.remote.RemoteWebDriver.findElement(RemoteWebDriver.java:319)
	at io.appium.java_client.DefaultGenericMobileDriver.findElement(DefaultGenericMobileDriver.java:62)
	at io.appium.java_client.AppiumDriver.findElement(AppiumDriver.java:1)
	at io.appium.java_client.android.AndroidDriver.findElement(AndroidDriver.java:1)
	at org.openqa.selenium.remote.RemoteWebDriver.findElementByXPath(RemoteWebDriver.java:421)
	at io.appium.java_client.DefaultGenericMobileDriver.findElementByXPath(DefaultGenericMobileDriver.java:152)
	at io.appium.java_client.AppiumDriver.findElementByXPath(AppiumDriver.java:1)
	at io.appium.java_client.android.AndroidDriver.findElementByXPath(AndroidDriver.java:1)
	at org.openqa.selenium.By$ByXPath.findElement(By.java:361)
	at org.openqa.selenium.remote.RemoteWebDriver.findElement(RemoteWebDriver.java:311)
	at io.appium.java_client.DefaultGenericMobileDriver.findElement(DefaultGenericMobileDriver.java:58)
	at io.appium.java_client.AppiumDriver.findElement(AppiumDriver.java:1)
	at io.appium.java_client.android.AndroidDriver.findElement(AndroidDriver.java:1)
	at steps.TestWsp.return_to_the_main_menu(TestWsp.java:94)
	at ✽.Then return to the main menu(appLogin.feature:10)
</failure>
  </testcase>
  <testcase name="classMethod" classname="| May | mpizarrob95@gmail.com | az12345WsxEdc234 |" time="66.107">
    <failure message="org.openqa.selenium.NoSuchElementException: An element could not be located on the page using the given search parameters. (WARNING: The server did not provide any stacktrace information)&#10;Command duration or timeout: 0 milliseconds&#10;For documentation on this error, please visit: http://seleniumhq.org/exceptions/no_such_element.html&#10;Build info: version: '3.11.0', revision: 'e59cfb3', time: '2018-03-11T20:26:55.152Z'&#10;System info: host: 'NI-NTB-020', ip: '192.168.220.1', os.name: 'Windows 7', os.arch: 'amd64', os.version: '6.1', java.version: '1.8.0_121'&#10;Driver info: io.appium.java_client.android.AndroidDriver&#10;Capabilities {app: C:\Users\mpizarro\Downloads..., appActivity: com.application.zomato.bake..., appPackage: com.restwla.z88ab174d, appWaitActivity: com.application.zomato.bake..., appWaitPackage: com.restwla.z88ab174d, browser: , databaseEnabled: false, desired: {app: C:\Users\mpizarro\Downloads..., appPackage: com.restwla.z88ab174d, browser: , device: Android, deviceName: MayS8, platformName: android, platformVersion: 8.0}, device: Android, deviceManufacturer: samsung, deviceModel: SM-G950F, deviceName: 988a17353348335947, deviceScreenSize: 1440x2960, deviceUDID: 988a17353348335947, javascriptEnabled: true, locationContextEnabled: false, networkConnectionEnabled: true, platform: LINUX, platformName: LINUX, platformVersion: 8.0.0, takesScreenshot: true, warnings: {}, webStorageEnabled: false}&#10;Session ID: c1051eb6-5d89-4cf1-9ae1-611cac48bda4&#10;*** Element info: {Using=xpath, value=//android.widget.TextView[@text='Información']}" type="org.openqa.selenium.NoSuchElementException">org.openqa.selenium.NoSuchElementException: An element could not be located on the page using the given search parameters. (WARNING: The server did not provide any stacktrace information)
Command duration or timeout: 0 milliseconds
For documentation on this error, please visit: http://seleniumhq.org/exceptions/no_such_element.html
Build info: version: '3.11.0', revision: 'e59cfb3', time: '2018-03-11T20:26:55.152Z'
System info: host: 'NI-NTB-020', ip: '192.168.220.1', os.name: 'Windows 7', os.arch: 'amd64', os.version: '6.1', java.version: '1.8.0_121'
Driver info: io.appium.java_client.android.AndroidDriver
Capabilities {app: C:\Users\mpizarro\Downloads..., appActivity: com.application.zomato.bake..., appPackage: com.restwla.z88ab174d, appWaitActivity: com.application.zomato.bake..., appWaitPackage: com.restwla.z88ab174d, browser: , databaseEnabled: false, desired: {app: C:\Users\mpizarro\Downloads..., appPackage: com.restwla.z88ab174d, browser: , device: Android, deviceName: MayS8, platformName: android, platformVersion: 8.0}, device: Android, deviceManufacturer: samsung, deviceModel: SM-G950F, deviceName: 988a17353348335947, deviceScreenSize: 1440x2960, deviceUDID: 988a17353348335947, javascriptEnabled: true, locationContextEnabled: false, networkConnectionEnabled: true, platform: LINUX, platformName: LINUX, platformVersion: 8.0.0, takesScreenshot: true, warnings: {}, webStorageEnabled: false}
Session ID: c1051eb6-5d89-4cf1-9ae1-611cac48bda4
*** Element info: {Using=xpath, value=//android.widget.TextView[@text='Información']}
	at sun.reflect.NativeConstructorAccessorImpl.newInstance0(Native Method)
	at sun.reflect.NativeConstructorAccessorImpl.newInstance(NativeConstructorAccessorImpl.java:62)
	at sun.reflect.DelegatingConstructorAccessorImpl.newInstance(DelegatingConstructorAccessorImpl.java:45)
	at java.lang.reflect.Constructor.newInstance(Constructor.java:423)
	at org.openqa.selenium.remote.ErrorHandler.createThrowable(ErrorHandler.java:214)
	at org.openqa.selenium.remote.ErrorHandler.throwIfResponseFailed(ErrorHandler.java:166)
	at org.openqa.selenium.remote.http.JsonHttpResponseCodec.reconstructValue(JsonHttpResponseCodec.java:40)
	at org.openqa.selenium.remote.http.AbstractHttpResponseCodec.decode(AbstractHttpResponseCodec.java:80)
	at org.openqa.selenium.remote.http.AbstractHttpResponseCodec.decode(AbstractHttpResponseCodec.java:44)
	at org.openqa.selenium.remote.HttpCommandExecutor.execute(HttpCommandExecutor.java:158)
	at io.appium.java_client.remote.AppiumCommandExecutor.execute(AppiumCommandExecutor.java:129)
	at org.openqa.selenium.remote.RemoteWebDriver.execute(RemoteWebDriver.java:545)
	at io.appium.java_client.DefaultGenericMobileDriver.execute(DefaultGenericMobileDriver.java:42)
	at io.appium.java_client.AppiumDriver.execute(AppiumDriver.java:1)
	at io.appium.java_client.android.AndroidDriver.execute(AndroidDriver.java:1)
	at org.openqa.selenium.remote.RemoteWebDriver.findElement(RemoteWebDriver.java:319)
	at io.appium.java_client.DefaultGenericMobileDriver.findElement(DefaultGenericMobileDriver.java:62)
	at io.appium.java_client.AppiumDriver.findElement(AppiumDriver.java:1)
	at io.appium.java_client.android.AndroidDriver.findElement(AndroidDriver.java:1)
	at org.openqa.selenium.remote.RemoteWebDriver.findElementByXPath(RemoteWebDriver.java:421)
	at io.appium.java_client.DefaultGenericMobileDriver.findElementByXPath(DefaultGenericMobileDriver.java:152)
	at io.appium.java_client.AppiumDriver.findElementByXPath(AppiumDriver.java:1)
	at io.appium.java_client.android.AndroidDriver.findElementByXPath(AndroidDriver.java:1)
	at org.openqa.selenium.By$ByXPath.findElement(By.java:361)
	at org.openqa.selenium.remote.RemoteWebDriver.findElement(RemoteWebDriver.java:311)
	at io.appium.java_client.DefaultGenericMobileDriver.findElement(DefaultGenericMobileDriver.java:58)
	at io.appium.java_client.AppiumDriver.findElement(AppiumDriver.java:1)
	at io.appium.java_client.android.AndroidDriver.findElement(AndroidDriver.java:1)
	at steps.TestWsp.return_to_the_main_menu(TestWsp.java:94)
	at ✽.Then return to the main menu(appLogin.feature:10)
</failure>
  </testcase>
  <system-out><![CDATA[]]></system-out>
  <system-err><![CDATA[May 16, 2018 12:46:16 PM org.openqa.selenium.remote.ProtocolHandshake createSession
INFO: Detected dialect: OSS
]]></system-err>
</testsuite>
